[debug] [2023-06-06T07:56:53.273Z] ----------------------------------------------------------------------
[debug] [2023-06-06T07:56:53.274Z] Command:       C:\Program Files\nodejs\node.exe C:\Users\Acer\AppData\Roaming\npm\node_modules\firebase-tools\lib\bin\firebase.js init
[debug] [2023-06-06T07:56:53.275Z] CLI Version:   12.3.0
[debug] [2023-06-06T07:56:53.275Z] Platform:      win32
[debug] [2023-06-06T07:56:53.275Z] Node Version:  v18.15.0
[debug] [2023-06-06T07:56:53.275Z] Time:          Tue Jun 06 2023 12:56:53 GMT+0500 (Узбекистан, стандартное время)
[debug] [2023-06-06T07:56:53.276Z] ----------------------------------------------------------------------
[debug] 
[debug] [2023-06-06T07:56:53.281Z] > command requires scopes: ["email","openid","https://www.googleapis.com/auth/cloudplatformprojects.readonly","https://www.googleapis.com/auth/firebase","https://www.googleapis.com/auth/cloud-platform"]
[debug] [2023-06-06T07:56:53.282Z] > authorizing via signed-in user (q.m.a2907@gmail.com)
[info] 
     ######## #### ########  ######## ########     ###     ######  ########
     ##        ##  ##     ## ##       ##     ##  ##   ##  ##       ##
     ######    ##  ########  ######   ########  #########  ######  ######
     ##        ##  ##    ##  ##       ##     ## ##     ##       ## ##
     ##       #### ##     ## ######## ########  ##     ##  ######  ########

You're about to initialize a Firebase project in this directory:

  D:\Acer ноут винти 500 ГБ\C disk\Рабочий стол\learn-firebase

[debug] [2023-06-06T08:00:15.155Z] ----------------------------------------------------------------------
[debug] [2023-06-06T08:00:15.156Z] Command:       C:\Program Files\nodejs\node.exe C:\Users\Acer\AppData\Roaming\npm\node_modules\firebase-tools\lib\bin\firebase.js init
[debug] [2023-06-06T08:00:15.156Z] CLI Version:   12.3.0
[debug] [2023-06-06T08:00:15.157Z] Platform:      win32
[debug] [2023-06-06T08:00:15.157Z] Node Version:  v18.15.0
[debug] [2023-06-06T08:00:15.157Z] Time:          Tue Jun 06 2023 13:00:15 GMT+0500 (Узбекистан, стандартное время)
[debug] [2023-06-06T08:00:15.158Z] ----------------------------------------------------------------------
[debug] 
[debug] [2023-06-06T08:00:15.163Z] > command requires scopes: ["email","openid","https://www.googleapis.com/auth/cloudplatformprojects.readonly","https://www.googleapis.com/auth/firebase","https://www.googleapis.com/auth/cloud-platform"]
[debug] [2023-06-06T08:00:15.163Z] > authorizing via signed-in user (q.m.a2907@gmail.com)
[info] 
     ######## #### ########  ######## ########     ###     ######  ########
     ##        ##  ##     ## ##       ##     ##  ##   ##  ##       ##
     ######    ##  ########  ######   ########  #########  ######  ######
     ##        ##  ##    ##  ##       ##     ## ##     ##       ## ##
     ##       #### ##     ## ######## ########  ##     ##  ######  ########

You're about to initialize a Firebase project in this directory:

  D:\Acer ноут винти 500 ГБ\C disk\Рабочий стол\learn-firebase

[info] 
=== Project Setup
[info] 
[info] First, let's associate this project directory with a Firebase project.
[info] You can create multiple project aliases by running firebase use --add, 
[info] but for now we'll just set up a default project.
[info] 
[info] 
=== Emulators Setup
