[debug] [2023-06-06T08:11:36.443Z] ----------------------------------------------------------------------
[debug] [2023-06-06T08:11:36.445Z] Command:       C:\Program Files\nodejs\node.exe C:\Users\Acer\AppData\Roaming\npm\node_modules\firebase-tools\lib\bin\firebase.js init
[debug] [2023-06-06T08:11:36.445Z] CLI Version:   12.3.0
[debug] [2023-06-06T08:11:36.446Z] Platform:      win32
[debug] [2023-06-06T08:11:36.446Z] Node Version:  v18.15.0
[debug] [2023-06-06T08:11:36.447Z] Time:          Tue Jun 06 2023 13:11:36 GMT+0500 (Узбекистан, стандартное время)
[debug] [2023-06-06T08:11:36.447Z] ----------------------------------------------------------------------
[debug] 
[debug] [2023-06-06T08:11:36.517Z] > command requires scopes: ["email","openid","https://www.googleapis.com/auth/cloudplatformprojects.readonly","https://www.googleapis.com/auth/firebase","https://www.googleapis.com/auth/cloud-platform"]
[debug] [2023-06-06T08:11:36.517Z] > authorizing via signed-in user (q.m.a2907@gmail.com)
[info] 
     ######## #### ########  ######## ########     ###     ######  ########
     ##        ##  ##     ## ##       ##     ##  ##   ##  ##       ##
     ######    ##  ########  ######   ########  #########  ######  ######
     ##        ##  ##    ##  ##       ##     ## ##     ##       ## ##
     ##       #### ##     ## ######## ########  ##     ##  ######  ########

You're about to initialize a Firebase project in this directory:

  D:\Acer ноут винти 500 ГБ\C disk\Рабочий стол\learn-firebase

Before we get started, keep in mind:

  * You are initializing within an existing Firebase project directory

[info] 
=== Project Setup
[info] 
[info] First, let's associate this project directory with a Firebase project.
[info] You can create multiple project aliases by running firebase use --add, 
[info] but for now we'll just set up a default project.
[info] 
[debug] [2023-06-06T08:11:49.439Z] Using project from CLI flag: pizza-12e79
[debug] [2023-06-06T08:11:49.441Z] >>> [apiv2][query] GET https://firebase.googleapis.com/v1beta1/projects/pizza-12e79 [none]
[debug] [2023-06-06T08:11:50.068Z] <<< [apiv2][status] GET https://firebase.googleapis.com/v1beta1/projects/pizza-12e79 200
[debug] [2023-06-06T08:11:50.068Z] <<< [apiv2][body] GET https://firebase.googleapis.com/v1beta1/projects/pizza-12e79 {"projectId":"pizza-12e79","projectNumber":"527217064591","displayName":"pizza","name":"projects/pizza-12e79","resources":{"hostingSite":"pizza-12e79"},"state":"ACTIVE","etag":"1_a3e028e0-a432-4548-ae27-9a016a721eb8"}
[info] i  Using project pizza-12e79 (pizza) 
[info] 
=== Emulators Setup
